# JOB 440 : --WARNING-- seq:005-bg-01-000, less than 5 valid data.
# JOB 448 : --WARNING-- seq:005-bg-01-144, frame:005-bg-01-144-060.png, no data, 0.
# JOB 448 : --WARNING-- seq:005-bg-01-144, frame:005-bg-01-144-061.png, no data, 0.
# JOB 448 : --WARNING-- seq:005-bg-01-144, frame:005-bg-01-144-062.png, no data, 0.
# JOB 448 : --WARNING-- seq:005-bg-01-144, frame:005-bg-01-144-063.png, no data, 0.
# JOB 448 : --WARNING-- seq:005-bg-01-144, frame:005-bg-01-144-064.png, no data, 0.
# JOB 448 : --WARNING-- seq:005-bg-01-144, frame:005-bg-01-144-065.png, no data, 0.
# JOB 449 : --WARNING-- seq:005-bg-01-162, frame:005-bg-01-162-001.png, no data, 0.
# JOB 449 : --WARNING-- seq:005-bg-01-162, frame:005-bg-01-162-002.png, no data, 0.
# JOB 449 : --WARNING-- seq:005-bg-01-162, frame:005-bg-01-162-003.png, no data, 0.
# JOB 449 : --WARNING-- seq:005-bg-01-162, frame:005-bg-01-162-004.png, no data, 0.
# JOB 449 : --WARNING-- seq:005-bg-01-162, frame:005-bg-01-162-007.png, no data, 0.
# JOB 449 : --WARNING-- seq:005-bg-01-162, frame:005-bg-01-162-008.png, no data, 0.
# JOB 449 : --WARNING-- seq:005-bg-01-162, frame:005-bg-01-162-009.png, no data, 0.
# JOB 449 : --WARNING-- seq:005-bg-01-162, frame:005-bg-01-162-011.png, no data, 0.
# JOB 449 : --WARNING-- seq:005-bg-01-162, frame:005-bg-01-162-012.png, no data, 0.
# JOB 449 : --WARNING-- seq:005-bg-01-162, frame:005-bg-01-162-013.png, no data, 0.
# JOB 449 : --WARNING-- seq:005-bg-01-162, frame:005-bg-01-162-014.png, no data, 0.
# JOB 449 : --WARNING-- seq:005-bg-01-162, frame:005-bg-01-162-015.png, no data, 0.
# JOB 449 : --WARNING-- seq:005-bg-01-162, frame:005-bg-01-162-016.png, no data, 0.
# JOB 449 : --WARNING-- seq:005-bg-01-162, frame:005-bg-01-162-018.png, no data, 0.
# JOB 449 : --WARNING-- seq:005-bg-01-162, frame:005-bg-01-162-019.png, no data, 0.
# JOB 449 : --WARNING-- seq:005-bg-01-162, frame:005-bg-01-162-020.png, no data, 0.
# JOB 449 : --WARNING-- seq:005-bg-01-162, frame:005-bg-01-162-021.png, no data, 0.
# JOB 449 : --WARNING-- seq:005-bg-01-162, frame:005-bg-01-162-023.png, no data, 0.
# JOB 449 : --WARNING-- seq:005-bg-01-162, frame:005-bg-01-162-025.png, no data, 0.
# JOB 449 : --WARNING-- seq:005-bg-01-162, frame:005-bg-01-162-026.png, no data, 0.
# JOB 449 : --WARNING-- seq:005-bg-01-162, frame:005-bg-01-162-027.png, no data, 0.
# JOB 449 : --WARNING-- seq:005-bg-01-162, frame:005-bg-01-162-028.png, no data, 0.
# JOB 449 : --WARNING-- seq:005-bg-01-162, frame:005-bg-01-162-029.png, no data, 0.
# JOB 449 : --WARNING-- seq:005-bg-01-162, frame:005-bg-01-162-030.png, no data, 0.
# JOB 449 : --WARNING-- seq:005-bg-01-162, frame:005-bg-01-162-031.png, no data, 0.
# JOB 449 : --WARNING-- seq:005-bg-01-162, frame:005-bg-01-162-032.png, no data, 0.
# JOB 449 : --WARNING-- seq:005-bg-01-162, frame:005-bg-01-162-033.png, no data, 0.
# JOB 449 : --WARNING-- seq:005-bg-01-162, frame:005-bg-01-162-034.png, no data, 0.
# JOB 449 : --WARNING-- seq:005-bg-01-162, frame:005-bg-01-162-035.png, no data, 0.
# JOB 449 : --WARNING-- seq:005-bg-01-162, frame:005-bg-01-162-036.png, no data, 0.
# JOB 449 : --WARNING-- seq:005-bg-01-162, frame:005-bg-01-162-039.png, no data, 0.
# JOB 449 : --WARNING-- seq:005-bg-01-162, frame:005-bg-01-162-041.png, no data, 0.
# JOB 449 : --WARNING-- seq:005-bg-01-162, frame:005-bg-01-162-042.png, no data, 0.
# JOB 449 : --WARNING-- seq:005-bg-01-162, frame:005-bg-01-162-043.png, no data, 0.
# JOB 449 : --WARNING-- seq:005-bg-01-162, frame:005-bg-01-162-044.png, no data, 0.
# JOB 449 : --WARNING-- seq:005-bg-01-162, frame:005-bg-01-162-046.png, no data, 0.
# JOB 451 : --WARNING-- seq:005-bg-02-000, less than 5 valid data.
# JOB 458 : --WARNING-- seq:005-bg-02-126, frame:005-bg-02-126-034.png, no data, 0.
# JOB 458 : --WARNING-- seq:005-bg-02-126, frame:005-bg-02-126-037.png, no data, 0.
# JOB 459 : --WARNING-- seq:005-bg-02-144, frame:005-bg-02-144-042.png, no data, 0.
# JOB 460 : --WARNING-- seq:005-bg-02-162, frame:005-bg-02-162-001.png, no data, 0.
# JOB 460 : --WARNING-- seq:005-bg-02-162, frame:005-bg-02-162-002.png, no data, 0.
# JOB 460 : --WARNING-- seq:005-bg-02-162, frame:005-bg-02-162-003.png, no data, 0.
# JOB 460 : --WARNING-- seq:005-bg-02-162, frame:005-bg-02-162-004.png, no data, 0.
# JOB 460 : --WARNING-- seq:005-bg-02-162, frame:005-bg-02-162-005.png, no data, 0.
# JOB 460 : --WARNING-- seq:005-bg-02-162, frame:005-bg-02-162-006.png, no data, 0.
# JOB 460 : --WARNING-- seq:005-bg-02-162, frame:005-bg-02-162-008.png, no data, 0.
# JOB 460 : --WARNING-- seq:005-bg-02-162, frame:005-bg-02-162-009.png, no data, 0.
# JOB 460 : --WARNING-- seq:005-bg-02-162, frame:005-bg-02-162-010.png, no data, 0.
# JOB 460 : --WARNING-- seq:005-bg-02-162, frame:005-bg-02-162-011.png, no data, 0.
# JOB 460 : --WARNING-- seq:005-bg-02-162, frame:005-bg-02-162-013.png, no data, 0.
# JOB 460 : --WARNING-- seq:005-bg-02-162, frame:005-bg-02-162-014.png, no data, 0.
# JOB 460 : --WARNING-- seq:005-bg-02-162, frame:005-bg-02-162-015.png, no data, 0.
# JOB 460 : --WARNING-- seq:005-bg-02-162, frame:005-bg-02-162-016.png, no data, 0.
# JOB 460 : --WARNING-- seq:005-bg-02-162, frame:005-bg-02-162-017.png, no data, 0.
# JOB 460 : --WARNING-- seq:005-bg-02-162, frame:005-bg-02-162-018.png, no data, 0.
# JOB 460 : --WARNING-- seq:005-bg-02-162, frame:005-bg-02-162-019.png, no data, 0.
# JOB 460 : --WARNING-- seq:005-bg-02-162, frame:005-bg-02-162-020.png, no data, 0.
# JOB 460 : --WARNING-- seq:005-bg-02-162, frame:005-bg-02-162-021.png, no data, 0.
# JOB 460 : --WARNING-- seq:005-bg-02-162, frame:005-bg-02-162-022.png, no data, 0.
# JOB 460 : --WARNING-- seq:005-bg-02-162, frame:005-bg-02-162-023.png, no data, 0.
# JOB 460 : --WARNING-- seq:005-bg-02-162, frame:005-bg-02-162-024.png, no data, 0.
# JOB 460 : --WARNING-- seq:005-bg-02-162, frame:005-bg-02-162-025.png, no data, 0.
# JOB 460 : --WARNING-- seq:005-bg-02-162, frame:005-bg-02-162-026.png, no data, 0.
# JOB 460 : --WARNING-- seq:005-bg-02-162, frame:005-bg-02-162-027.png, no data, 0.
# JOB 460 : --WARNING-- seq:005-bg-02-162, frame:005-bg-02-162-028.png, no data, 0.
# JOB 460 : --WARNING-- seq:005-bg-02-162, frame:005-bg-02-162-029.png, no data, 0.
# JOB 462 : --WARNING-- seq:005-cl-01-000, less than 5 valid data.
# JOB 473 : --WARNING-- seq:005-cl-02-000, less than 5 valid data.
# JOB 484 : --WARNING-- seq:005-nm-01-000, less than 5 valid data.
# JOB 495 : --WARNING-- seq:005-nm-02-000, less than 5 valid data.
# JOB 506 : --WARNING-- seq:005-nm-03-000, less than 5 valid data.
# JOB 517 : --WARNING-- seq:005-nm-04-000, less than 5 valid data.
# JOB 526 : --WARNING-- seq:005-nm-04-162, frame:005-nm-04-162-001.png, no data, 0.
# JOB 526 : --WARNING-- seq:005-nm-04-162, frame:005-nm-04-162-003.png, no data, 0.
# JOB 526 : --WARNING-- seq:005-nm-04-162, frame:005-nm-04-162-004.png, no data, 0.
# JOB 526 : --WARNING-- seq:005-nm-04-162, frame:005-nm-04-162-007.png, no data, 0.
# JOB 526 : --WARNING-- seq:005-nm-04-162, frame:005-nm-04-162-008.png, no data, 0.
# JOB 526 : --WARNING-- seq:005-nm-04-162, frame:005-nm-04-162-010.png, no data, 0.
# JOB 526 : --WARNING-- seq:005-nm-04-162, frame:005-nm-04-162-013.png, no data, 0.
# JOB 526 : --WARNING-- seq:005-nm-04-162, frame:005-nm-04-162-015.png, no data, 0.
# JOB 526 : --WARNING-- seq:005-nm-04-162, frame:005-nm-04-162-016.png, no data, 0.
# JOB 528 : --WARNING-- seq:005-nm-05-000, less than 5 valid data.
# JOB 536 : --WARNING-- seq:005-nm-05-144, frame:005-nm-05-144-190.png, no data, 0.
# JOB 539 : --WARNING-- seq:005-nm-06-000, less than 5 valid data.
# JOB 548 : --WARNING-- seq:005-nm-06-162, frame:005-nm-06-162-004.png, no data, 0.
# JOB 548 : --WARNING-- seq:005-nm-06-162, frame:005-nm-06-162-005.png, no data, 0.
# JOB 622 : --WARNING-- seq:006-nm-03-108, frame:006-nm-03-108-079.png, no data, 0.
# JOB 440 : --WARNING-- seq:005-bg-01-000, less than 5 valid data.
# JOB 445 : --WARNING-- seq:005-bg-01-090, less than 5 valid data.
# JOB 448 : --WARNING-- seq:005-bg-01-144, frame:005-bg-01-144-060.png, no data, 0.
# JOB 448 : --WARNING-- seq:005-bg-01-144, frame:005-bg-01-144-061.png, no data, 0.
# JOB 448 : --WARNING-- seq:005-bg-01-144, frame:005-bg-01-144-062.png, no data, 0.
# JOB 448 : --WARNING-- seq:005-bg-01-144, frame:005-bg-01-144-063.png, no data, 0.
# JOB 448 : --WARNING-- seq:005-bg-01-144, frame:005-bg-01-144-064.png, no data, 0.
# JOB 448 : --WARNING-- seq:005-bg-01-144, frame:005-bg-01-144-065.png, no data, 0.
# JOB 449 : --WARNING-- seq:005-bg-01-162, frame:005-bg-01-162-001.png, no data, 0.
# JOB 449 : --WARNING-- seq:005-bg-01-162, frame:005-bg-01-162-002.png, no data, 0.
# JOB 449 : --WARNING-- seq:005-bg-01-162, frame:005-bg-01-162-003.png, no data, 0.
# JOB 449 : --WARNING-- seq:005-bg-01-162, frame:005-bg-01-162-004.png, no data, 0.
# JOB 449 : --WARNING-- seq:005-bg-01-162, frame:005-bg-01-162-007.png, no data, 0.
# JOB 449 : --WARNING-- seq:005-bg-01-162, frame:005-bg-01-162-008.png, no data, 0.
# JOB 449 : --WARNING-- seq:005-bg-01-162, frame:005-bg-01-162-009.png, no data, 0.
# JOB 449 : --WARNING-- seq:005-bg-01-162, frame:005-bg-01-162-011.png, no data, 0.
# JOB 449 : --WARNING-- seq:005-bg-01-162, frame:005-bg-01-162-012.png, no data, 0.
# JOB 449 : --WARNING-- seq:005-bg-01-162, frame:005-bg-01-162-013.png, no data, 0.
# JOB 449 : --WARNING-- seq:005-bg-01-162, frame:005-bg-01-162-014.png, no data, 0.
# JOB 449 : --WARNING-- seq:005-bg-01-162, frame:005-bg-01-162-015.png, no data, 0.
# JOB 449 : --WARNING-- seq:005-bg-01-162, frame:005-bg-01-162-016.png, no data, 0.
# JOB 449 : --WARNING-- seq:005-bg-01-162, frame:005-bg-01-162-018.png, no data, 0.
# JOB 449 : --WARNING-- seq:005-bg-01-162, frame:005-bg-01-162-019.png, no data, 0.
# JOB 449 : --WARNING-- seq:005-bg-01-162, frame:005-bg-01-162-020.png, no data, 0.
# JOB 449 : --WARNING-- seq:005-bg-01-162, frame:005-bg-01-162-021.png, no data, 0.
# JOB 449 : --WARNING-- seq:005-bg-01-162, frame:005-bg-01-162-023.png, no data, 0.
# JOB 449 : --WARNING-- seq:005-bg-01-162, frame:005-bg-01-162-025.png, no data, 0.
# JOB 449 : --WARNING-- seq:005-bg-01-162, frame:005-bg-01-162-026.png, no data, 0.
# JOB 449 : --WARNING-- seq:005-bg-01-162, frame:005-bg-01-162-027.png, no data, 0.
# JOB 449 : --WARNING-- seq:005-bg-01-162, frame:005-bg-01-162-028.png, no data, 0.
# JOB 441 : --WARNING-- seq:005-bg-01-018, frame:005-bg-01-018-128.png, no data, 0.
# JOB 449 : --WARNING-- seq:005-bg-01-162, frame:005-bg-01-162-029.png, no data, 0.
# JOB 441 : --WARNING-- seq:005-bg-01-018, frame:005-bg-01-018-129.png, no data, 0.
# JOB 449 : --WARNING-- seq:005-bg-01-162, frame:005-bg-01-162-030.png, no data, 0.
# JOB 441 : --WARNING-- seq:005-bg-01-018, frame:005-bg-01-018-130.png, no data, 0.
# JOB 449 : --WARNING-- seq:005-bg-01-162, frame:005-bg-01-162-031.png, no data, 0.
# JOB 441 : --WARNING-- seq:005-bg-01-018, frame:005-bg-01-018-131.png, no data, 0.
# JOB 449 : --WARNING-- seq:005-bg-01-162, frame:005-bg-01-162-032.png, no data, 0.
# JOB 441 : --WARNING-- seq:005-bg-01-018, frame:005-bg-01-018-132.png, no data, 0.
# JOB 449 : --WARNING-- seq:005-bg-01-162, frame:005-bg-01-162-033.png, no data, 0.
# JOB 441 : --WARNING-- seq:005-bg-01-018, frame:005-bg-01-018-133.png, no data, 0.
# JOB 449 : --WARNING-- seq:005-bg-01-162, frame:005-bg-01-162-034.png, no data, 0.
# JOB 441 : --WARNING-- seq:005-bg-01-018, frame:005-bg-01-018-134.png, no data, 0.
# JOB 449 : --WARNING-- seq:005-bg-01-162, frame:005-bg-01-162-035.png, no data, 0.
# JOB 441 : --WARNING-- seq:005-bg-01-018, frame:005-bg-01-018-135.png, no data, 0.
# JOB 449 : --WARNING-- seq:005-bg-01-162, frame:005-bg-01-162-036.png, no data, 0.
# JOB 441 : --WARNING-- seq:005-bg-01-018, frame:005-bg-01-018-139.png, no data, 0.
# JOB 449 : --WARNING-- seq:005-bg-01-162, frame:005-bg-01-162-039.png, no data, 0.
# JOB 441 : --WARNING-- seq:005-bg-01-018, frame:005-bg-01-018-140.png, no data, 0.
# JOB 451 : --WARNING-- seq:005-bg-02-000, less than 5 valid data.
# JOB 449 : --WARNING-- seq:005-bg-01-162, frame:005-bg-01-162-041.png, no data, 0.
# JOB 449 : --WARNING-- seq:005-bg-01-162, frame:005-bg-01-162-042.png, no data, 0.
# JOB 449 : --WARNING-- seq:005-bg-01-162, frame:005-bg-01-162-043.png, no data, 0.
# JOB 449 : --WARNING-- seq:005-bg-01-162, frame:005-bg-01-162-044.png, no data, 0.
# JOB 449 : --WARNING-- seq:005-bg-01-162, frame:005-bg-01-162-046.png, no data, 0.
# JOB 456 : --WARNING-- seq:005-bg-02-090, less than 5 valid data.
# JOB 458 : --WARNING-- seq:005-bg-02-126, frame:005-bg-02-126-034.png, no data, 0.
# JOB 458 : --WARNING-- seq:005-bg-02-126, frame:005-bg-02-126-037.png, no data, 0.
# JOB 459 : --WARNING-- seq:005-bg-02-144, frame:005-bg-02-144-042.png, no data, 0.
# JOB 460 : --WARNING-- seq:005-bg-02-162, frame:005-bg-02-162-001.png, no data, 0.
# JOB 460 : --WARNING-- seq:005-bg-02-162, frame:005-bg-02-162-002.png, no data, 0.
# JOB 460 : --WARNING-- seq:005-bg-02-162, frame:005-bg-02-162-003.png, no data, 0.
# JOB 460 : --WARNING-- seq:005-bg-02-162, frame:005-bg-02-162-004.png, no data, 0.
# JOB 460 : --WARNING-- seq:005-bg-02-162, frame:005-bg-02-162-005.png, no data, 0.
# JOB 460 : --WARNING-- seq:005-bg-02-162, frame:005-bg-02-162-006.png, no data, 0.
# JOB 460 : --WARNING-- seq:005-bg-02-162, frame:005-bg-02-162-008.png, no data, 0.
# JOB 460 : --WARNING-- seq:005-bg-02-162, frame:005-bg-02-162-009.png, no data, 0.
# JOB 460 : --WARNING-- seq:005-bg-02-162, frame:005-bg-02-162-010.png, no data, 0.
# JOB 460 : --WARNING-- seq:005-bg-02-162, frame:005-bg-02-162-011.png, no data, 0.
# JOB 460 : --WARNING-- seq:005-bg-02-162, frame:005-bg-02-162-013.png, no data, 0.
# JOB 460 : --WARNING-- seq:005-bg-02-162, frame:005-bg-02-162-014.png, no data, 0.
# JOB 460 : --WARNING-- seq:005-bg-02-162, frame:005-bg-02-162-015.png, no data, 0.
# JOB 460 : --WARNING-- seq:005-bg-02-162, frame:005-bg-02-162-016.png, no data, 0.
# JOB 460 : --WARNING-- seq:005-bg-02-162, frame:005-bg-02-162-017.png, no data, 0.
# JOB 460 : --WARNING-- seq:005-bg-02-162, frame:005-bg-02-162-018.png, no data, 0.
# JOB 462 : --WARNING-- seq:005-cl-01-000, less than 5 valid data.
# JOB 460 : --WARNING-- seq:005-bg-02-162, frame:005-bg-02-162-019.png, no data, 0.
# JOB 460 : --WARNING-- seq:005-bg-02-162, frame:005-bg-02-162-020.png, no data, 0.
# JOB 460 : --WARNING-- seq:005-bg-02-162, frame:005-bg-02-162-021.png, no data, 0.
# JOB 460 : --WARNING-- seq:005-bg-02-162, frame:005-bg-02-162-022.png, no data, 0.
# JOB 460 : --WARNING-- seq:005-bg-02-162, frame:005-bg-02-162-023.png, no data, 0.
# JOB 460 : --WARNING-- seq:005-bg-02-162, frame:005-bg-02-162-024.png, no data, 0.
# JOB 460 : --WARNING-- seq:005-bg-02-162, frame:005-bg-02-162-025.png, no data, 0.
# JOB 460 : --WARNING-- seq:005-bg-02-162, frame:005-bg-02-162-026.png, no data, 0.
# JOB 460 : --WARNING-- seq:005-bg-02-162, frame:005-bg-02-162-027.png, no data, 0.
# JOB 460 : --WARNING-- seq:005-bg-02-162, frame:005-bg-02-162-028.png, no data, 0.
# JOB 460 : --WARNING-- seq:005-bg-02-162, frame:005-bg-02-162-029.png, no data, 0.
# JOB 473 : --WARNING-- seq:005-cl-02-000, less than 5 valid data.
# JOB 484 : --WARNING-- seq:005-nm-01-000, less than 5 valid data.
# JOB 479 : --WARNING-- seq:005-cl-02-108, frame:005-cl-02-108-198.png, no data, 0.
# JOB 479 : --WARNING-- seq:005-cl-02-108, frame:005-cl-02-108-199.png, no data, 0.
# JOB 479 : --WARNING-- seq:005-cl-02-108, frame:005-cl-02-108-200.png, no data, 0.
# JOB 495 : --WARNING-- seq:005-nm-02-000, less than 5 valid data.
# JOB 506 : --WARNING-- seq:005-nm-03-000, less than 5 valid data.
# JOB 517 : --WARNING-- seq:005-nm-04-000, less than 5 valid data.
# JOB 519 : --WARNING-- seq:005-nm-04-036, frame:005-nm-04-036-097.png, no data, 0.
# JOB 526 : --WARNING-- seq:005-nm-04-162, frame:005-nm-04-162-001.png, no data, 0.
# JOB 526 : --WARNING-- seq:005-nm-04-162, frame:005-nm-04-162-003.png, no data, 0.
# JOB 526 : --WARNING-- seq:005-nm-04-162, frame:005-nm-04-162-004.png, no data, 0.
# JOB 526 : --WARNING-- seq:005-nm-04-162, frame:005-nm-04-162-007.png, no data, 0.
# JOB 526 : --WARNING-- seq:005-nm-04-162, frame:005-nm-04-162-008.png, no data, 0.
# JOB 526 : --WARNING-- seq:005-nm-04-162, frame:005-nm-04-162-010.png, no data, 0.
# JOB 526 : --WARNING-- seq:005-nm-04-162, frame:005-nm-04-162-013.png, no data, 0.
# JOB 526 : --WARNING-- seq:005-nm-04-162, frame:005-nm-04-162-015.png, no data, 0.
# JOB 526 : --WARNING-- seq:005-nm-04-162, frame:005-nm-04-162-016.png, no data, 0.
# JOB 528 : --WARNING-- seq:005-nm-05-000, less than 5 valid data.
# JOB 518 : --WARNING-- seq:005-nm-04-018, frame:005-nm-04-018-116.png, no data, 0.
# JOB 536 : --WARNING-- seq:005-nm-05-144, frame:005-nm-05-144-190.png, no data, 0.
# JOB 539 : --WARNING-- seq:005-nm-06-000, less than 5 valid data.
# JOB 540 : --WARNING-- seq:005-nm-06-018, frame:005-nm-06-018-103.png, no data, 0.
# JOB 544 : --WARNING-- seq:005-nm-06-090, less than 5 valid data.
# JOB 548 : --WARNING-- seq:005-nm-06-162, frame:005-nm-06-162-004.png, no data, 0.
# JOB 548 : --WARNING-- seq:005-nm-06-162, frame:005-nm-06-162-005.png, no data, 0.
# JOB 545 : --WARNING-- seq:005-nm-06-108, frame:005-nm-06-108-136.png, no data, 0.
# JOB 622 : --WARNING-- seq:006-nm-03-108, frame:006-nm-03-108-079.png, no data, 0.
# JOB 392 : --WARNING-- seq:011-nm-02-126, frame:011-nm-02-126-036.png, no data, 0.
# JOB 559 : --WARNING-- seq:013-bg-01-162, frame:013-bg-01-162-001.png, no data, 0.
# JOB 559 : --WARNING-- seq:013-bg-01-162, frame:013-bg-01-162-002.png, no data, 0.
# JOB 559 : --WARNING-- seq:013-bg-01-162, frame:013-bg-01-162-003.png, no data, 0.
# JOB 559 : --WARNING-- seq:013-bg-01-162, frame:013-bg-01-162-004.png, no data, 0.
# JOB 559 : --WARNING-- seq:013-bg-01-162, frame:013-bg-01-162-005.png, no data, 0.
# JOB 559 : --WARNING-- seq:013-bg-01-162, frame:013-bg-01-162-006.png, no data, 0.
# JOB 559 : --WARNING-- seq:013-bg-01-162, frame:013-bg-01-162-007.png, no data, 0.
# JOB 559 : --WARNING-- seq:013-bg-01-162, frame:013-bg-01-162-008.png, no data, 0.
# JOB 559 : --WARNING-- seq:013-bg-01-162, frame:013-bg-01-162-009.png, no data, 0.
# JOB 559 : --WARNING-- seq:013-bg-01-162, frame:013-bg-01-162-010.png, no data, 0.
# JOB 559 : --WARNING-- seq:013-bg-01-162, frame:013-bg-01-162-011.png, no data, 0.
# JOB 559 : --WARNING-- seq:013-bg-01-162, frame:013-bg-01-162-012.png, no data, 0.
# JOB 559 : --WARNING-- seq:013-bg-01-162, frame:013-bg-01-162-013.png, no data, 0.
# JOB 559 : --WARNING-- seq:013-bg-01-162, frame:013-bg-01-162-014.png, no data, 0.
# JOB 559 : --WARNING-- seq:013-bg-01-162, frame:013-bg-01-162-015.png, no data, 0.
# JOB 559 : --WARNING-- seq:013-bg-01-162, frame:013-bg-01-162-016.png, no data, 0.
# JOB 559 : --WARNING-- seq:013-bg-01-162, frame:013-bg-01-162-017.png, no data, 0.
# JOB 559 : --WARNING-- seq:013-bg-01-162, frame:013-bg-01-162-018.png, no data, 0.
# JOB 559 : --WARNING-- seq:013-bg-01-162, frame:013-bg-01-162-019.png, no data, 0.
# JOB 559 : --WARNING-- seq:013-bg-01-162, frame:013-bg-01-162-020.png, no data, 0.
# JOB 559 : --WARNING-- seq:013-bg-01-162, frame:013-bg-01-162-021.png, no data, 0.
# JOB 559 : --WARNING-- seq:013-bg-01-162, frame:013-bg-01-162-022.png, no data, 0.
# JOB 559 : --WARNING-- seq:013-bg-01-162, frame:013-bg-01-162-023.png, no data, 0.
# JOB 559 : --WARNING-- seq:013-bg-01-162, frame:013-bg-01-162-024.png, no data, 0.
# JOB 559 : --WARNING-- seq:013-bg-01-162, frame:013-bg-01-162-025.png, no data, 0.
# JOB 559 : --WARNING-- seq:013-bg-01-162, frame:013-bg-01-162-026.png, no data, 0.
# JOB 559 : --WARNING-- seq:013-bg-01-162, frame:013-bg-01-162-027.png, no data, 0.
# JOB 559 : --WARNING-- seq:013-bg-01-162, frame:013-bg-01-162-028.png, no data, 0.
# JOB 559 : --WARNING-- seq:013-bg-01-162, frame:013-bg-01-162-029.png, no data, 0.
# JOB 559 : --WARNING-- seq:013-bg-01-162, frame:013-bg-01-162-030.png, no data, 0.
# JOB 559 : --WARNING-- seq:013-bg-01-162, frame:013-bg-01-162-031.png, no data, 0.
# JOB 559 : --WARNING-- seq:013-bg-01-162, frame:013-bg-01-162-032.png, no data, 0.
# JOB 570 : --WARNING-- seq:013-bg-02-162, frame:013-bg-02-162-001.png, no data, 0.
# JOB 570 : --WARNING-- seq:013-bg-02-162, frame:013-bg-02-162-002.png, no data, 0.
# JOB 570 : --WARNING-- seq:013-bg-02-162, frame:013-bg-02-162-003.png, no data, 0.
# JOB 570 : --WARNING-- seq:013-bg-02-162, frame:013-bg-02-162-004.png, no data, 0.
# JOB 570 : --WARNING-- seq:013-bg-02-162, frame:013-bg-02-162-005.png, no data, 0.
# JOB 570 : --WARNING-- seq:013-bg-02-162, frame:013-bg-02-162-006.png, no data, 0.
# JOB 570 : --WARNING-- seq:013-bg-02-162, frame:013-bg-02-162-007.png, no data, 0.
# JOB 570 : --WARNING-- seq:013-bg-02-162, frame:013-bg-02-162-008.png, no data, 0.
# JOB 570 : --WARNING-- seq:013-bg-02-162, frame:013-bg-02-162-009.png, no data, 0.
# JOB 570 : --WARNING-- seq:013-bg-02-162, frame:013-bg-02-162-010.png, no data, 0.
# JOB 570 : --WARNING-- seq:013-bg-02-162, frame:013-bg-02-162-011.png, no data, 0.
# JOB 570 : --WARNING-- seq:013-bg-02-162, frame:013-bg-02-162-012.png, no data, 0.
# JOB 570 : --WARNING-- seq:013-bg-02-162, frame:013-bg-02-162-013.png, no data, 0.
# JOB 570 : --WARNING-- seq:013-bg-02-162, frame:013-bg-02-162-014.png, no data, 0.
# JOB 570 : --WARNING-- seq:013-bg-02-162, frame:013-bg-02-162-015.png, no data, 0.
# JOB 570 : --WARNING-- seq:013-bg-02-162, frame:013-bg-02-162-016.png, no data, 0.
# JOB 570 : --WARNING-- seq:013-bg-02-162, frame:013-bg-02-162-017.png, no data, 0.
# JOB 581 : --WARNING-- seq:013-cl-01-162, frame:013-cl-01-162-001.png, no data, 0.
# JOB 581 : --WARNING-- seq:013-cl-01-162, frame:013-cl-01-162-002.png, no data, 0.
# JOB 581 : --WARNING-- seq:013-cl-01-162, frame:013-cl-01-162-003.png, no data, 0.
# JOB 581 : --WARNING-- seq:013-cl-01-162, frame:013-cl-01-162-004.png, no data, 0.
# JOB 581 : --WARNING-- seq:013-cl-01-162, frame:013-cl-01-162-005.png, no data, 0.
# JOB 581 : --WARNING-- seq:013-cl-01-162, frame:013-cl-01-162-006.png, no data, 0.
# JOB 581 : --WARNING-- seq:013-cl-01-162, frame:013-cl-01-162-007.png, no data, 0.
# JOB 581 : --WARNING-- seq:013-cl-01-162, frame:013-cl-01-162-008.png, no data, 0.
# JOB 581 : --WARNING-- seq:013-cl-01-162, frame:013-cl-01-162-009.png, no data, 0.
# JOB 581 : --WARNING-- seq:013-cl-01-162, frame:013-cl-01-162-010.png, no data, 0.
# JOB 581 : --WARNING-- seq:013-cl-01-162, frame:013-cl-01-162-011.png, no data, 0.
# JOB 581 : --WARNING-- seq:013-cl-01-162, frame:013-cl-01-162-012.png, no data, 0.
# JOB 581 : --WARNING-- seq:013-cl-01-162, frame:013-cl-01-162-013.png, no data, 0.
# JOB 581 : --WARNING-- seq:013-cl-01-162, frame:013-cl-01-162-014.png, no data, 0.
# JOB 581 : --WARNING-- seq:013-cl-01-162, frame:013-cl-01-162-015.png, no data, 0.
# JOB 581 : --WARNING-- seq:013-cl-01-162, frame:013-cl-01-162-016.png, no data, 0.
# JOB 581 : --WARNING-- seq:013-cl-01-162, frame:013-cl-01-162-017.png, no data, 0.
# JOB 592 : --WARNING-- seq:013-cl-02-162, frame:013-cl-02-162-001.png, no data, 0.
# JOB 592 : --WARNING-- seq:013-cl-02-162, frame:013-cl-02-162-002.png, no data, 0.
# JOB 592 : --WARNING-- seq:013-cl-02-162, frame:013-cl-02-162-003.png, no data, 0.
# JOB 592 : --WARNING-- seq:013-cl-02-162, frame:013-cl-02-162-004.png, no data, 0.
# JOB 592 : --WARNING-- seq:013-cl-02-162, frame:013-cl-02-162-005.png, no data, 0.
# JOB 592 : --WARNING-- seq:013-cl-02-162, frame:013-cl-02-162-006.png, no data, 0.
# JOB 592 : --WARNING-- seq:013-cl-02-162, frame:013-cl-02-162-007.png, no data, 0.
# JOB 592 : --WARNING-- seq:013-cl-02-162, frame:013-cl-02-162-008.png, no data, 0.
# JOB 592 : --WARNING-- seq:013-cl-02-162, frame:013-cl-02-162-009.png, no data, 0.
# JOB 592 : --WARNING-- seq:013-cl-02-162, frame:013-cl-02-162-010.png, no data, 0.
# JOB 592 : --WARNING-- seq:013-cl-02-162, frame:013-cl-02-162-011.png, no data, 0.
# JOB 592 : --WARNING-- seq:013-cl-02-162, frame:013-cl-02-162-012.png, no data, 0.
# JOB 592 : --WARNING-- seq:013-cl-02-162, frame:013-cl-02-162-013.png, no data, 0.
# JOB 592 : --WARNING-- seq:013-cl-02-162, frame:013-cl-02-162-014.png, no data, 0.
# JOB 592 : --WARNING-- seq:013-cl-02-162, frame:013-cl-02-162-015.png, no data, 0.
# JOB 592 : --WARNING-- seq:013-cl-02-162, frame:013-cl-02-162-016.png, no data, 0.
# JOB 592 : --WARNING-- seq:013-cl-02-162, frame:013-cl-02-162-017.png, no data, 0.
# JOB 592 : --WARNING-- seq:013-cl-02-162, frame:013-cl-02-162-018.png, no data, 0.
# JOB 592 : --WARNING-- seq:013-cl-02-162, frame:013-cl-02-162-019.png, no data, 0.
# JOB 592 : --WARNING-- seq:013-cl-02-162, frame:013-cl-02-162-020.png, no data, 0.
# JOB 592 : --WARNING-- seq:013-cl-02-162, frame:013-cl-02-162-021.png, no data, 0.
# JOB 592 : --WARNING-- seq:013-cl-02-162, frame:013-cl-02-162-022.png, no data, 0.
# JOB 592 : --WARNING-- seq:013-cl-02-162, frame:013-cl-02-162-023.png, no data, 0.
# JOB 592 : --WARNING-- seq:013-cl-02-162, frame:013-cl-02-162-024.png, no data, 0.
# JOB 592 : --WARNING-- seq:013-cl-02-162, frame:013-cl-02-162-025.png, no data, 0.
# JOB 592 : --WARNING-- seq:013-cl-02-162, frame:013-cl-02-162-026.png, no data, 0.
# JOB 592 : --WARNING-- seq:013-cl-02-162, frame:013-cl-02-162-027.png, no data, 0.
# JOB 592 : --WARNING-- seq:013-cl-02-162, frame:013-cl-02-162-028.png, no data, 0.
# JOB 592 : --WARNING-- seq:013-cl-02-162, frame:013-cl-02-162-029.png, no data, 0.
# JOB 592 : --WARNING-- seq:013-cl-02-162, frame:013-cl-02-162-030.png, no data, 0.
# JOB 592 : --WARNING-- seq:013-cl-02-162, frame:013-cl-02-162-031.png, no data, 0.
# JOB 592 : --WARNING-- seq:013-cl-02-162, frame:013-cl-02-162-032.png, no data, 0.
# JOB 592 : --WARNING-- seq:013-cl-02-162, frame:013-cl-02-162-033.png, no data, 0.
# JOB 592 : --WARNING-- seq:013-cl-02-162, frame:013-cl-02-162-034.png, no data, 0.
# JOB 592 : --WARNING-- seq:013-cl-02-162, frame:013-cl-02-162-035.png, no data, 0.
# JOB 592 : --WARNING-- seq:013-cl-02-162, frame:013-cl-02-162-036.png, no data, 0.
# JOB 592 : --WARNING-- seq:013-cl-02-162, frame:013-cl-02-162-037.png, no data, 0.
# JOB 592 : --WARNING-- seq:013-cl-02-162, frame:013-cl-02-162-038.png, no data, 0.
# JOB 592 : --WARNING-- seq:013-cl-02-162, frame:013-cl-02-162-039.png, no data, 0.
# JOB 592 : --WARNING-- seq:013-cl-02-162, frame:013-cl-02-162-040.png, no data, 0.
# JOB 603 : --WARNING-- seq:013-nm-01-162, frame:013-nm-01-162-001.png, no data, 0.
# JOB 603 : --WARNING-- seq:013-nm-01-162, frame:013-nm-01-162-002.png, no data, 0.
# JOB 603 : --WARNING-- seq:013-nm-01-162, frame:013-nm-01-162-003.png, no data, 0.
# JOB 603 : --WARNING-- seq:013-nm-01-162, frame:013-nm-01-162-004.png, no data, 0.
# JOB 603 : --WARNING-- seq:013-nm-01-162, frame:013-nm-01-162-005.png, no data, 0.
# JOB 603 : --WARNING-- seq:013-nm-01-162, frame:013-nm-01-162-006.png, no data, 0.
# JOB 603 : --WARNING-- seq:013-nm-01-162, frame:013-nm-01-162-007.png, no data, 0.
# JOB 603 : --WARNING-- seq:013-nm-01-162, frame:013-nm-01-162-008.png, no data, 0.
# JOB 603 : --WARNING-- seq:013-nm-01-162, frame:013-nm-01-162-009.png, no data, 0.
# JOB 603 : --WARNING-- seq:013-nm-01-162, frame:013-nm-01-162-010.png, no data, 0.
# JOB 603 : --WARNING-- seq:013-nm-01-162, frame:013-nm-01-162-011.png, no data, 0.
# JOB 603 : --WARNING-- seq:013-nm-01-162, frame:013-nm-01-162-012.png, no data, 0.
# JOB 603 : --WARNING-- seq:013-nm-01-162, frame:013-nm-01-162-013.png, no data, 0.
# JOB 603 : --WARNING-- seq:013-nm-01-162, frame:013-nm-01-162-014.png, no data, 0.
# JOB 603 : --WARNING-- seq:013-nm-01-162, frame:013-nm-01-162-015.png, no data, 0.
# JOB 603 : --WARNING-- seq:013-nm-01-162, frame:013-nm-01-162-016.png, no data, 0.
# JOB 603 : --WARNING-- seq:013-nm-01-162, frame:013-nm-01-162-017.png, no data, 0.
# JOB 603 : --WARNING-- seq:013-nm-01-162, frame:013-nm-01-162-018.png, no data, 0.
# JOB 603 : --WARNING-- seq:013-nm-01-162, frame:013-nm-01-162-019.png, no data, 0.
# JOB 603 : --WARNING-- seq:013-nm-01-162, frame:013-nm-01-162-020.png, no data, 0.
# JOB 603 : --WARNING-- seq:013-nm-01-162, frame:013-nm-01-162-021.png, no data, 0.
# JOB 603 : --WARNING-- seq:013-nm-01-162, frame:013-nm-01-162-022.png, no data, 0.
# JOB 603 : --WARNING-- seq:013-nm-01-162, frame:013-nm-01-162-023.png, no data, 0.
# JOB 603 : --WARNING-- seq:013-nm-01-162, frame:013-nm-01-162-024.png, no data, 0.
# JOB 603 : --WARNING-- seq:013-nm-01-162, frame:013-nm-01-162-025.png, no data, 0.
# JOB 603 : --WARNING-- seq:013-nm-01-162, frame:013-nm-01-162-026.png, no data, 0.
# JOB 603 : --WARNING-- seq:013-nm-01-162, frame:013-nm-01-162-027.png, no data, 0.
# JOB 614 : --WARNING-- seq:013-nm-02-162, frame:013-nm-02-162-001.png, no data, 0.
# JOB 614 : --WARNING-- seq:013-nm-02-162, frame:013-nm-02-162-002.png, no data, 0.
# JOB 614 : --WARNING-- seq:013-nm-02-162, frame:013-nm-02-162-003.png, no data, 0.
# JOB 614 : --WARNING-- seq:013-nm-02-162, frame:013-nm-02-162-004.png, no data, 0.
# JOB 614 : --WARNING-- seq:013-nm-02-162, frame:013-nm-02-162-005.png, no data, 0.
# JOB 614 : --WARNING-- seq:013-nm-02-162, frame:013-nm-02-162-006.png, no data, 0.
# JOB 614 : --WARNING-- seq:013-nm-02-162, frame:013-nm-02-162-007.png, no data, 0.
# JOB 614 : --WARNING-- seq:013-nm-02-162, frame:013-nm-02-162-008.png, no data, 0.
# JOB 614 : --WARNING-- seq:013-nm-02-162, frame:013-nm-02-162-009.png, no data, 0.
# JOB 614 : --WARNING-- seq:013-nm-02-162, frame:013-nm-02-162-010.png, no data, 0.
# JOB 614 : --WARNING-- seq:013-nm-02-162, frame:013-nm-02-162-011.png, no data, 0.
# JOB 614 : --WARNING-- seq:013-nm-02-162, frame:013-nm-02-162-012.png, no data, 0.
# JOB 614 : --WARNING-- seq:013-nm-02-162, frame:013-nm-02-162-013.png, no data, 0.
# JOB 614 : --WARNING-- seq:013-nm-02-162, frame:013-nm-02-162-014.png, no data, 0.
# JOB 614 : --WARNING-- seq:013-nm-02-162, frame:013-nm-02-162-015.png, no data, 0.
# JOB 614 : --WARNING-- seq:013-nm-02-162, frame:013-nm-02-162-016.png, no data, 0.
# JOB 614 : --WARNING-- seq:013-nm-02-162, frame:013-nm-02-162-017.png, no data, 0.
# JOB 614 : --WARNING-- seq:013-nm-02-162, frame:013-nm-02-162-018.png, no data, 0.
# JOB 614 : --WARNING-- seq:013-nm-02-162, frame:013-nm-02-162-019.png, no data, 0.
# JOB 614 : --WARNING-- seq:013-nm-02-162, frame:013-nm-02-162-020.png, no data, 0.
# JOB 614 : --WARNING-- seq:013-nm-02-162, frame:013-nm-02-162-021.png, no data, 0.
# JOB 614 : --WARNING-- seq:013-nm-02-162, frame:013-nm-02-162-022.png, no data, 0.
# JOB 614 : --WARNING-- seq:013-nm-02-162, frame:013-nm-02-162-023.png, no data, 0.
# JOB 614 : --WARNING-- seq:013-nm-02-162, frame:013-nm-02-162-024.png, no data, 0.
# JOB 625 : --WARNING-- seq:013-nm-03-162, frame:013-nm-03-162-001.png, no data, 0.
# JOB 625 : --WARNING-- seq:013-nm-03-162, frame:013-nm-03-162-002.png, no data, 0.
# JOB 625 : --WARNING-- seq:013-nm-03-162, frame:013-nm-03-162-003.png, no data, 0.
# JOB 625 : --WARNING-- seq:013-nm-03-162, frame:013-nm-03-162-004.png, no data, 0.
# JOB 625 : --WARNING-- seq:013-nm-03-162, frame:013-nm-03-162-005.png, no data, 0.
# JOB 625 : --WARNING-- seq:013-nm-03-162, frame:013-nm-03-162-006.png, no data, 0.
# JOB 625 : --WARNING-- seq:013-nm-03-162, frame:013-nm-03-162-007.png, no data, 0.
# JOB 625 : --WARNING-- seq:013-nm-03-162, frame:013-nm-03-162-008.png, no data, 0.
# JOB 625 : --WARNING-- seq:013-nm-03-162, frame:013-nm-03-162-009.png, no data, 0.
# JOB 625 : --WARNING-- seq:013-nm-03-162, frame:013-nm-03-162-010.png, no data, 0.
# JOB 625 : --WARNING-- seq:013-nm-03-162, frame:013-nm-03-162-011.png, no data, 0.
# JOB 625 : --WARNING-- seq:013-nm-03-162, frame:013-nm-03-162-012.png, no data, 0.
# JOB 625 : --WARNING-- seq:013-nm-03-162, frame:013-nm-03-162-013.png, no data, 0.
# JOB 636 : --WARNING-- seq:013-nm-04-162, frame:013-nm-04-162-001.png, no data, 0.
# JOB 636 : --WARNING-- seq:013-nm-04-162, frame:013-nm-04-162-002.png, no data, 0.
# JOB 636 : --WARNING-- seq:013-nm-04-162, frame:013-nm-04-162-003.png, no data, 0.
# JOB 636 : --WARNING-- seq:013-nm-04-162, frame:013-nm-04-162-004.png, no data, 0.
# JOB 636 : --WARNING-- seq:013-nm-04-162, frame:013-nm-04-162-005.png, no data, 0.
# JOB 636 : --WARNING-- seq:013-nm-04-162, frame:013-nm-04-162-006.png, no data, 0.
# JOB 636 : --WARNING-- seq:013-nm-04-162, frame:013-nm-04-162-007.png, no data, 0.
# JOB 636 : --WARNING-- seq:013-nm-04-162, frame:013-nm-04-162-008.png, no data, 0.
# JOB 636 : --WARNING-- seq:013-nm-04-162, frame:013-nm-04-162-009.png, no data, 0.
# JOB 636 : --WARNING-- seq:013-nm-04-162, frame:013-nm-04-162-010.png, no data, 0.
# JOB 636 : --WARNING-- seq:013-nm-04-162, frame:013-nm-04-162-011.png, no data, 0.
# JOB 636 : --WARNING-- seq:013-nm-04-162, frame:013-nm-04-162-012.png, no data, 0.
# JOB 647 : --WARNING-- seq:013-nm-05-162, frame:013-nm-05-162-001.png, no data, 0.
# JOB 647 : --WARNING-- seq:013-nm-05-162, frame:013-nm-05-162-002.png, no data, 0.
# JOB 647 : --WARNING-- seq:013-nm-05-162, frame:013-nm-05-162-003.png, no data, 0.
# JOB 647 : --WARNING-- seq:013-nm-05-162, frame:013-nm-05-162-004.png, no data, 0.
# JOB 647 : --WARNING-- seq:013-nm-05-162, frame:013-nm-05-162-005.png, no data, 0.
# JOB 647 : --WARNING-- seq:013-nm-05-162, frame:013-nm-05-162-006.png, no data, 0.
# JOB 647 : --WARNING-- seq:013-nm-05-162, frame:013-nm-05-162-007.png, no data, 0.
# JOB 647 : --WARNING-- seq:013-nm-05-162, frame:013-nm-05-162-008.png, no data, 0.
# JOB 647 : --WARNING-- seq:013-nm-05-162, frame:013-nm-05-162-009.png, no data, 0.
# JOB 647 : --WARNING-- seq:013-nm-05-162, frame:013-nm-05-162-010.png, no data, 0.
# JOB 647 : --WARNING-- seq:013-nm-05-162, frame:013-nm-05-162-011.png, no data, 0.
# JOB 647 : --WARNING-- seq:013-nm-05-162, frame:013-nm-05-162-012.png, no data, 0.
# JOB 647 : --WARNING-- seq:013-nm-05-162, frame:013-nm-05-162-013.png, no data, 0.
# JOB 647 : --WARNING-- seq:013-nm-05-162, frame:013-nm-05-162-014.png, no data, 0.
# JOB 647 : --WARNING-- seq:013-nm-05-162, frame:013-nm-05-162-015.png, no data, 0.
# JOB 647 : --WARNING-- seq:013-nm-05-162, frame:013-nm-05-162-016.png, no data, 0.
# JOB 647 : --WARNING-- seq:013-nm-05-162, frame:013-nm-05-162-017.png, no data, 0.
# JOB 80 : --WARNING-- seq:m12-walk-02-054, frame:0192.jpg, no data, 0.
# JOB 80 : --WARNING-- seq:m12-walk-02-054, frame:0193.jpg, no data, 0.
# JOB 80 : --WARNING-- seq:m12-walk-02-054, frame:0194.jpg, no data, 0.
# JOB 80 : --WARNING-- seq:m12-walk-02-054, frame:0195.jpg, no data, 0.
# JOB 80 : --WARNING-- seq:m12-walk-02-054, frame:0196.jpg, no data, 0.
# JOB 80 : --WARNING-- seq:m12-walk-02-054, frame:0197.jpg, no data, 0.
# JOB 80 : --WARNING-- seq:m12-walk-02-054, frame:0198.jpg, no data, 0.
# JOB 80 : --WARNING-- seq:m12-walk-02-054, frame:0199.jpg, no data, 0.
# JOB 80 : --WARNING-- seq:m12-walk-02-054, frame:0200.jpg, no data, 0.
# JOB 80 : --WARNING-- seq:m12-walk-02-054, frame:0201.jpg, no data, 0.
# JOB 80 : --WARNING-- seq:m12-walk-02-054, frame:0202.jpg, no data, 0.
# JOB 80 : --WARNING-- seq:m12-walk-02-054, frame:0203.jpg, no data, 0.
# JOB 80 : --WARNING-- seq:m12-walk-02-054, frame:0204.jpg, no data, 0.
# JOB 80 : --WARNING-- seq:m12-walk-02-054, frame:0205.jpg, no data, 0.
# JOB 80 : --WARNING-- seq:m12-walk-02-054, frame:0206.jpg, no data, 0.
# JOB 80 : --WARNING-- seq:m12-walk-02-054, frame:0207.jpg, no data, 0.
# JOB 80 : --WARNING-- seq:m12-walk-02-054, frame:0208.jpg, no data, 0.
# JOB 80 : --WARNING-- seq:m12-walk-02-054, frame:0209.jpg, no data, 0.
# JOB 81 : --WARNING-- seq:m12-walk-02-072, frame:0192.jpg, no data, 2040.
# JOB 80 : --WARNING-- seq:m12-walk-02-054, frame:0210.jpg, no data, 0.
# JOB 81 : --WARNING-- seq:m12-walk-02-072, frame:0193.jpg, no data, 0.
# JOB 80 : --WARNING-- seq:m12-walk-02-054, frame:0211.jpg, no data, 0.
# JOB 81 : --WARNING-- seq:m12-walk-02-072, frame:0194.jpg, no data, 0.
# JOB 81 : --WARNING-- seq:m12-walk-02-072, frame:0195.jpg, no data, 0.
# JOB 81 : --WARNING-- seq:m12-walk-02-072, frame:0196.jpg, no data, 0.
# JOB 81 : --WARNING-- seq:m12-walk-02-072, frame:0197.jpg, no data, 0.
# JOB 81 : --WARNING-- seq:m12-walk-02-072, frame:0198.jpg, no data, 0.
# JOB 81 : --WARNING-- seq:m12-walk-02-072, frame:0199.jpg, no data, 0.
# JOB 81 : --WARNING-- seq:m12-walk-02-072, frame:0200.jpg, no data, 0.
# JOB 81 : --WARNING-- seq:m12-walk-02-072, frame:0201.jpg, no data, 0.
# JOB 81 : --WARNING-- seq:m12-walk-02-072, frame:0202.jpg, no data, 0.
# JOB 81 : --WARNING-- seq:m12-walk-02-072, frame:0203.jpg, no data, 0.
# JOB 81 : --WARNING-- seq:m12-walk-02-072, frame:0204.jpg, no data, 0.
# JOB 81 : --WARNING-- seq:m12-walk-02-072, frame:0205.jpg, no data, 0.
# JOB 81 : --WARNING-- seq:m12-walk-02-072, frame:0206.jpg, no data, 0.
# JOB 81 : --WARNING-- seq:m12-walk-02-072, frame:0207.jpg, no data, 0.
# JOB 81 : --WARNING-- seq:m12-walk-02-072, frame:0208.jpg, no data, 0.
# JOB 81 : --WARNING-- seq:m12-walk-02-072, frame:0209.jpg, no data, 0.
# JOB 81 : --WARNING-- seq:m12-walk-02-072, frame:0210.jpg, no data, 0.
# JOB 81 : --WARNING-- seq:m12-walk-02-072, frame:0211.jpg, no data, 0.
# JOB 100 : --WARNING-- seq:zyx-robot-0-B, frame:00194.jpg, no data, 2295.
# JOB 100 : --WARNING-- seq:zyx-robot-0-B, frame:00195.jpg, no data, 0.
# JOB 100 : --WARNING-- seq:zyx-robot-0-B, frame:00197.jpg, no data, 0.
# JOB 100 : --WARNING-- seq:zyx-robot-0-B, frame:00198.jpg, no data, 0.
# JOB 100 : --WARNING-- seq:zyx-robot-0-B, frame:00199.jpg, no data, 0.
# JOB 100 : --WARNING-- seq:zyx-robot-0-B, frame:00200.jpg, no data, 0.
# JOB 100 : --WARNING-- seq:zyx-robot-0-B, frame:00201.jpg, no data, 4080.
# JOB 100 : --WARNING-- seq:zyx-robot-0-B, frame:00202.jpg, no data, 3825.
# JOB 100 : --WARNING-- seq:zyx-robot-0-B, frame:00239.jpg, no data, 0.
# JOB 100 : --WARNING-- seq:zyx-robot-0-B, frame:00240.jpg, no data, 0.
# JOB 100 : --WARNING-- seq:zyx-robot-0-B, frame:00241.jpg, no data, 0.
# JOB 100 : --WARNING-- seq:zyx-robot-0-B, frame:00242.jpg, no data, 0.
# JOB 100 : --WARNING-- seq:zyx-robot-0-B, frame:00243.jpg, no data, 0.
# JOB 100 : --WARNING-- seq:zyx-robot-0-B, frame:00244.jpg, no data, 1020.
# JOB 100 : --WARNING-- seq:zyx-robot-0-B, frame:00245.jpg, no data, 0.
# JOB 101 : --WARNING-- seq:zyx-robot-0-F, frame:00015.jpg, no data, 0.
# JOB 101 : --WARNING-- seq:zyx-robot-0-F, frame:00016.jpg, no data, 0.
# JOB 101 : --WARNING-- seq:zyx-robot-0-F, frame:00017.jpg, no data, 3825.
# JOB 101 : --WARNING-- seq:zyx-robot-0-F, frame:00018.jpg, no data, 5355.
# JOB 101 : --WARNING-- seq:zyx-robot-0-F, frame:00019.jpg, no data, 3315.
# JOB 101 : --WARNING-- seq:zyx-robot-0-F, frame:00020.jpg, no data, 2040.
# JOB 101 : --WARNING-- seq:zyx-robot-0-F, frame:00025.jpg, no data, 1785.
# JOB 101 : --WARNING-- seq:zyx-robot-0-F, frame:00027.jpg, no data, 0.
# JOB 101 : --WARNING-- seq:zyx-robot-0-F, frame:00031.jpg, no data, 0.
# JOB 101 : --WARNING-- seq:zyx-robot-0-F, frame:00032.jpg, no data, 0.
# JOB 101 : --WARNING-- seq:zyx-robot-0-F, frame:00033.jpg, no data, 0.
# JOB 101 : --WARNING-- seq:zyx-robot-0-F, frame:00038.jpg, no data, 0.
# JOB 101 : --WARNING-- seq:zyx-robot-0-F, frame:00039.jpg, no data, 0.
# JOB 101 : --WARNING-- seq:zyx-robot-0-F, frame:00040.jpg, no data, 0.
# JOB 101 : --WARNING-- seq:zyx-robot-0-F, frame:00041.jpg, no data, 0.
# JOB 101 : --WARNING-- seq:zyx-robot-0-F, frame:00042.jpg, no data, 0.
# JOB 112 : --WARNING-- seq:zyx-robot-3-B, frame:00189.jpg, no data, 0.
# JOB 112 : --WARNING-- seq:zyx-robot-3-B, frame:00190.jpg, no data, 0.
# JOB 112 : --WARNING-- seq:zyx-robot-3-B, frame:00199.jpg, no data, 0.
# JOB 112 : --WARNING-- seq:zyx-robot-3-B, frame:00200.jpg, no data, 0.
# JOB 112 : --WARNING-- seq:zyx-robot-3-B, frame:00201.jpg, no data, 0.
# JOB 112 : --WARNING-- seq:zyx-robot-3-B, frame:00202.jpg, no data, 0.
# JOB 112 : --WARNING-- seq:zyx-robot-3-B, frame:00203.jpg, no data, 2040.
# JOB 112 : --WARNING-- seq:zyx-robot-3-B, frame:00205.jpg, no data, 0.
# JOB 112 : --WARNING-- seq:zyx-robot-3-B, frame:00206.jpg, no data, 1275.
# JOB 112 : --WARNING-- seq:zyx-robot-3-B, frame:00207.jpg, no data, 1530.
# JOB 112 : --WARNING-- seq:zyx-robot-3-B, frame:00208.jpg, no data, 0.
# JOB 112 : --WARNING-- seq:zyx-robot-3-B, frame:00209.jpg, no data, 0.
# JOB 128 : --WARNING-- seq:vol1-mh3-seq2-B, less than 5 valid data.
# JOB 128 : --WARNING-- seq:vol1-mh3-seq2-B, less than 5 valid data.
# JOB 960 : --WARNING-- seq:vol2-mh4-seq0-B, less than 5 valid data.
# JOB 961 : --WARNING-- seq:vol2-mh4-seq0-F, less than 5 valid data.
# JOB 962 : --WARNING-- seq:vol2-mh4-seq0-L, less than 5 valid data.
# JOB 963 : --WARNING-- seq:vol2-mh4-seq0-R, less than 5 valid data.
# JOB 965 : --WARNING-- seq:vol2-mh4-seq1-F, less than 5 valid data.
# JOB 964 : --WARNING-- seq:vol2-mh4-seq1-B, less than 5 valid data.
# JOB 967 : --WARNING-- seq:vol2-mh4-seq1-R, less than 5 valid data.
# JOB 966 : --WARNING-- seq:vol2-mh4-seq1-L, less than 5 valid data.
# JOB 969 : --WARNING-- seq:vol2-mh4-seq2-F, less than 5 valid data.
# JOB 968 : --WARNING-- seq:vol2-mh4-seq2-B, less than 5 valid data.
# JOB 970 : --WARNING-- seq:vol2-mh4-seq2-L, less than 5 valid data.
# JOB 972 : --WARNING-- seq:vol2-mh4-seq3-B, less than 5 valid data.
# JOB 973 : --WARNING-- seq:vol2-mh4-seq3-F, less than 5 valid data.
# JOB 974 : --WARNING-- seq:vol2-mh4-seq3-L, less than 5 valid data.
# JOB 975 : --WARNING-- seq:vol2-mh4-seq3-R, less than 5 valid data.
# JOB 971 : --WARNING-- seq:vol2-mh4-seq2-R, less than 5 valid data.
# JOB 976 : --WARNING-- seq:vol2-mh4-seq4-B, less than 5 valid data.
# JOB 977 : --WARNING-- seq:vol2-mh4-seq4-F, less than 5 valid data.
# JOB 979 : --WARNING-- seq:vol2-mh4-seq4-R, less than 5 valid data.
# JOB 978 : --WARNING-- seq:vol2-mh4-seq4-L, less than 5 valid data.
# JOB 980 : --WARNING-- seq:vol2-mh4-seq5-B, less than 5 valid data.
# JOB 981 : --WARNING-- seq:vol2-mh4-seq5-F, less than 5 valid data.
# JOB 982 : --WARNING-- seq:vol2-mh4-seq5-L, less than 5 valid data.
# JOB 983 : --WARNING-- seq:vol2-mh4-seq5-R, less than 5 valid data.
# JOB 984 : --WARNING-- seq:vol2-mh4-seq6-B, less than 5 valid data.
# JOB 985 : --WARNING-- seq:vol2-mh4-seq6-F, less than 5 valid data.
# JOB 986 : --WARNING-- seq:vol2-mh4-seq6-L, less than 5 valid data.
# JOB 988 : --WARNING-- seq:vol2-mh4-seq7-B, less than 5 valid data.
# JOB 987 : --WARNING-- seq:vol2-mh4-seq6-R, less than 5 valid data.
# JOB 989 : --WARNING-- seq:vol2-mh4-seq7-F, less than 5 valid data.
# JOB 990 : --WARNING-- seq:vol2-mh4-seq7-L, less than 5 valid data.
# JOB 991 : --WARNING-- seq:vol2-mh4-seq7-R, less than 5 valid data.
# JOB 992 : --WARNING-- seq:vol2-mh4-seq8-B, less than 5 valid data.
# JOB 993 : --WARNING-- seq:vol2-mh4-seq8-F, less than 5 valid data.
# JOB 994 : --WARNING-- seq:vol2-mh4-seq8-L, less than 5 valid data.
# JOB 995 : --WARNING-- seq:vol2-mh4-seq8-R, less than 5 valid data.
# JOB 996 : --WARNING-- seq:vol2-mh4-seq9-B, less than 5 valid data.
# JOB 997 : --WARNING-- seq:vol2-mh4-seq9-F, less than 5 valid data.
# JOB 998 : --WARNING-- seq:vol2-mh4-seq9-L, less than 5 valid data.
# JOB 999 : --WARNING-- seq:vol2-mh4-seq9-R, less than 5 valid data.
# JOB 1563 : --WARNING-- seq:vol3-mh9-seq0-R, less than 5 valid data.
# JOB 1760 : --WARNING-- seq:vol4-mh4-seq0-B, less than 5 valid data.
